# JRE version: Java(TM) SE Runtime Environment (8.0_211-b12) (build 1.8.0_211-b12)
# Java VM: Java HotSpot(TM) Client VM (25.211-b12 mixed mode linux-arm )
Heap:
 def new generation   total 4352K, used 578K [0x65e00000, 0x662a0000, 0x6a740000)
  eden space 3968K,   4% used [0x65e00000, 0x65e30818, 0x661e0000)
  from space 384K, 100% used [0x66240000, 0x662a0000, 0x662a0000)
  to   space 384K,   0% used [0x661e0000, 0x661e0000, 0x66240000)
 tenured generation   total 9600K, used 1340K [0x6a740000, 0x6b0a0000, 0x73a00000)
   the space 9600K,  13% used [0x6a740000, 0x6a88f1b8, 0x6a88f200, 0x6b0a0000)
 Metaspace       used 3712K, capacity 3978K, committed 3992K, reserved 4400K
GC Heap History (6 events):
Event: 3.428 GC heap before
{Heap before GC invocations=0 (full 0):
 def new generation   total 4352K, used 3968K [0x65e00000, 0x662a0000, 0x6a740000)
  eden space 3968K, 100% used [0x65e00000, 0x661e0000, 0x661e0000)
  from space 384K,   0% used [0x661e0000, 0x661e0000, 0x66240000)
  to   space 384K,   0% used [0x66240000, 0x66240000, 0x662a0000)
 tenured generation   total 9600K, used 0K [0x6a740000, 0x6b0a0000, 0x73a00000)
   the space 9600K,   0% used [0x6a740000, 0x6a740000, 0x6a740200, 0x6b0a0000)
 Metaspace       used 2439K, capacity 2605K, committed 2712K, reserved 4400K
Event: 3.442 GC heap after
Heap after GC invocations=1 (full 0):
 def new generation   total 4352K, used 384K [0x65e00000, 0x662a0000, 0x6a740000)
  eden space 3968K,   0% used [0x65e00000, 0x65e00000, 0x661e0000)
  from space 384K, 100% used [0x66240000, 0x662a0000, 0x662a0000)
  to   space 384K,   0% used [0x661e0000, 0x661e0000, 0x66240000)
 tenured generation   total 9600K, used 289K [0x6a740000, 0x6b0a0000, 0x73a00000)
   the space 9600K,   3% used [0x6a740000, 0x6a7884e8, 0x6a788600, 0x6b0a0000)
 Metaspace       used 2439K, capacity 2605K, committed 2712K, reserved 4400K
}
Event: 3.995 GC heap before
{Heap before GC invocations=1 (full 0):
 def new generation   total 4352K, used 4352K [0x65e00000, 0x662a0000, 0x6a740000)
  eden space 3968K, 100% used [0x65e00000, 0x661e0000, 0x661e0000)
  from space 384K, 100% used [0x66240000, 0x662a0000, 0x662a0000)
  to   space 384K,   0% used [0x661e0000, 0x661e0000, 0x66240000)
 tenured generation   total 9600K, used 289K [0x6a740000, 0x6b0a0000, 0x73a00000)
   the space 9600K,   3% used [0x6a740000, 0x6a7884e8, 0x6a788600, 0x6b0a0000)
 Metaspace       used 3159K, capacity 3394K, committed 3480K, reserved 4400K
Event: 4.009 GC heap after
Heap after GC invocations=2 (full 0):
 def new generation   total 4352K, used 384K [0x65e00000, 0x662a0000, 0x6a740000)
  eden space 3968K,   0% used [0x65e00000, 0x65e00000, 0x661e0000)
  from space 384K, 100% used [0x661e0000, 0x66240000, 0x66240000)
  to   space 384K,   0% used [0x66240000, 0x66240000, 0x662a0000)
 tenured generation   total 9600K, used 921K [0x6a740000, 0x6b0a0000, 0x73a00000)
   the space 9600K,   9% used [0x6a740000, 0x6a826758, 0x6a826800, 0x6b0a0000)
 Metaspace       used 3159K, capacity 3394K, committed 3480K, reserved 4400K
}
Event: 4.619 GC heap before
{Heap before GC invocations=2 (full 0):
 def new generation   total 4352K, used 4352K [0x65e00000, 0x662a0000, 0x6a740000)
  eden space 3968K, 100% used [0x65e00000, 0x661e0000, 0x661e0000)
  from space 384K, 100% used [0x661e0000, 0x66240000, 0x66240000)
  to   space 384K,   0% used [0x66240000, 0x66240000, 0x662a0000)
 tenured generation   total 9600K, used 921K [0x6a740000, 0x6b0a0000, 0x73a00000)
   the space 9600K,   9% used [0x6a740000, 0x6a826758, 0x6a826800, 0x6b0a0000)
 Metaspace       used 3693K, capacity 3946K, committed 3992K, reserved 4400K
Event: 4.627 GC heap after
Heap after GC invocations=3 (full 0):
 def new generation   total 4352K, used 384K [0x65e00000, 0x662a0000, 0x6a740000)
  eden space 3968K,   0% used [0x65e00000, 0x65e00000, 0x661e0000)
  from space 384K, 100% used [0x66240000, 0x662a0000, 0x662a0000)
  to   space 384K,   0% used [0x661e0000, 0x661e0000, 0x66240000)
 tenured generation   total 9600K, used 1340K [0x6a740000, 0x6b0a0000, 0x73a00000)
   the space 9600K,  13% used [0x6a740000, 0x6a88f1b8, 0x6a88f200, 0x6b0a0000)
 Metaspace       used 3693K, capacity 3946K, committed 3992K, reserved 4400K
}

