# JRE version: Java(TM) SE Runtime Environment (8.0_211-b12) (build 1.8.0_211-b12)
# Java VM: Java HotSpot(TM) Client VM (25.211-b12 mixed mode linux-arm )
Heap:
 def new generation   total 4352K, used 2548K [0x66200000, 0x666a0000, 0x6ab40000)
  eden space 3968K,  54% used [0x66200000, 0x6641d3f8, 0x665e0000)
  from space 384K, 100% used [0x665e0000, 0x66640000, 0x66640000)
  to   space 384K,   0% used [0x66640000, 0x66640000, 0x666a0000)
 tenured generation   total 9600K, used 1302K [0x6ab40000, 0x6b4a0000, 0x73e00000)
   the space 9600K,  13% used [0x6ab40000, 0x6ac85870, 0x6ac85a00, 0x6b4a0000)
 Metaspace       used 3994K, capacity 4247K, committed 4248K, reserved 4400K
GC Heap History (4 events):
Event: 1.450 GC heap before
{Heap before GC invocations=0 (full 0):
 def new generation   total 4352K, used 3966K [0x66200000, 0x666a0000, 0x6ab40000)
  eden space 3968K,  99% used [0x66200000, 0x665df908, 0x665e0000)
  from space 384K,   0% used [0x665e0000, 0x665e0000, 0x66640000)
  to   space 384K,   0% used [0x66640000, 0x66640000, 0x666a0000)
 tenured generation   total 9600K, used 0K [0x6ab40000, 0x6b4a0000, 0x73e00000)
   the space 9600K,   0% used [0x6ab40000, 0x6ab40000, 0x6ab40200, 0x6b4a0000)
 Metaspace       used 2693K, capacity 2881K, committed 2968K, reserved 4400K
Event: 1.465 GC heap after
Heap after GC invocations=1 (full 0):
 def new generation   total 4352K, used 384K [0x66200000, 0x666a0000, 0x6ab40000)
  eden space 3968K,   0% used [0x66200000, 0x66200000, 0x665e0000)
  from space 384K, 100% used [0x66640000, 0x666a0000, 0x666a0000)
  to   space 384K,   0% used [0x665e0000, 0x665e0000, 0x66640000)
 tenured generation   total 9600K, used 381K [0x6ab40000, 0x6b4a0000, 0x73e00000)
   the space 9600K,   3% used [0x6ab40000, 0x6ab9f5e0, 0x6ab9f600, 0x6b4a0000)
 Metaspace       used 2693K, capacity 2881K, committed 2968K, reserved 4400K
}
Event: 1.986 GC heap before
{Heap before GC invocations=1 (full 0):
 def new generation   total 4352K, used 4349K [0x66200000, 0x666a0000, 0x6ab40000)
  eden space 3968K,  99% used [0x66200000, 0x665df648, 0x665e0000)
  from space 384K, 100% used [0x66640000, 0x666a0000, 0x666a0000)
  to   space 384K,   0% used [0x665e0000, 0x665e0000, 0x66640000)
 tenured generation   total 9600K, used 381K [0x6ab40000, 0x6b4a0000, 0x73e00000)
   the space 9600K,   3% used [0x6ab40000, 0x6ab9f5e0, 0x6ab9f600, 0x6b4a0000)
 Metaspace       used 3631K, capacity 3867K, committed 3992K, reserved 4400K
Event: 1.998 GC heap after
Heap after GC invocations=2 (full 0):
 def new generation   total 4352K, used 384K [0x66200000, 0x666a0000, 0x6ab40000)
  eden space 3968K,   0% used [0x66200000, 0x66200000, 0x665e0000)
  from space 384K, 100% used [0x665e0000, 0x66640000, 0x66640000)
  to   space 384K,   0% used [0x66640000, 0x66640000, 0x666a0000)
 tenured generation   total 9600K, used 1302K [0x6ab40000, 0x6b4a0000, 0x73e00000)
   the space 9600K,  13% used [0x6ab40000, 0x6ac85870, 0x6ac85a00, 0x6b4a0000)
 Metaspace       used 3631K, capacity 3867K, committed 3992K, reserved 4400K
}

